<?xml version="1.0" encoding="UTF-8"?>
<!-- Generated by org.testng.reporters.JUnitReportReporter -->
<testsuite hostname="Trayambkay" failures="0" tests="1" name="MyRandomPractices.SecondUniqueCharecter" time="0.007" errors="0" timestamp="2024-07-18T16:26:39 IST" skipped="0">
  <testcase classname="MyRandomPractices.SecondUniqueCharecter" name="usingVariable" time="0.007"/>
  <system-out/>
</testsuite> <!-- MyRandomPractices.SecondUniqueCharecter -->
