<?xml version="1.0" encoding="UTF-8"?>
<!-- Generated by org.testng.reporters.JUnitReportReporter -->
<testsuite hostname="Trayambkay" failures="0" tests="3" name="selfPractise.Microsoftteam" time="19.123" errors="0" timestamp="2024-04-10T13:44:42 IST" skipped="0">
  <testcase classname="selfPractise.Microsoftteam" name="user1" time="8.222"/>
  <system-out/>
  <testcase classname="selfPractise.Microsoftteam" name="user2" time="9.594"/>
  <system-out/>
  <testcase classname="selfPractise.Microsoftteam" name="callEnd" time="1.307"/>
  <system-out/>
</testsuite> <!-- selfPractise.Microsoftteam -->
