<?xml version="1.0" encoding="UTF-8"?>
<!-- Generated by org.testng.reporters.JUnitReportReporter -->
<testsuite hostname="Trayambkay" failures="0" tests="1" name="selfPractise.TwoNonstatic" time="0.006" errors="0" timestamp="2024-05-02T18:54:56 IST" skipped="0">
  <testcase classname="selfPractise.TwoNonstatic" name="m2" time="0.006"/>
  <system-out/>
</testsuite> <!-- selfPractise.TwoNonstatic -->
