<?xml version="1.0" encoding="UTF-8"?>
<!-- Generated by org.testng.reporters.JUnitReportReporter -->
<testsuite hostname="Trayambkay" failures="0" tests="1" name="PrakashSirSpecific.GivenStringSubString" time="0.012" errors="0" timestamp="2024-05-29T19:07:33 IST" skipped="0">
  <testcase classname="PrakashSirSpecific.GivenStringSubString" name="usingFor" time="0.012"/>
  <system-out/>
</testsuite> <!-- PrakashSirSpecific.GivenStringSubString -->
