<?xml version="1.0" encoding="UTF-8"?>
<!-- Generated by org.testng.reporters.JUnitReportReporter -->
<testsuite hostname="Trayambkay" failures="0" tests="1" name="selfPractise_API.ReqChaining" time="3.346" errors="0" timestamp="2024-04-05T16:22:24 IST" skipped="0">
  <testcase classname="selfPractise_API.ReqChaining" name="createPost" time="3.346"/>
</testsuite> <!-- selfPractise_API.ReqChaining -->
