<?xml version="1.0" encoding="UTF-8"?>
<!-- Generated by org.testng.reporters.JUnitReportReporter -->
<testsuite hostname="Trayambkay" failures="0" tests="1" name="practiseAllSDET52.OccurenceInDigits_pending" time="45.202" errors="0" timestamp="2024-05-24T14:05:25 IST" skipped="0">
  <testcase classname="practiseAllSDET52.OccurenceInDigits_pending" name="main" time="45.202"/>
  <system-out/>
</testsuite> <!-- practiseAllSDET52.OccurenceInDigits_pending -->
