<?xml version="1.0" encoding="UTF-8"?>
<!-- Generated by org.testng.reporters.JUnitReportReporter -->
<testsuite hostname="Trayambkay" failures="0" tests="1" name="o9Screening.Arpan20220816_160621" time="0.009" errors="0" timestamp="2024-05-16T13:14:53 IST" skipped="0">
  <testcase classname="o9Screening.Arpan20220816_160621" name="Fibonacci" time="0.009"/>
  <system-out/>
</testsuite> <!-- o9Screening.Arpan20220816_160621 -->
