<?xml version="1.0" encoding="UTF-8"?>
<!-- Generated by org.testng.reporters.JUnitReportReporter -->
<testsuite hostname="Trayambkay" failures="0" tests="1" name="ClassAssignment_08Dec.Disha" time="15.028" errors="0" timestamp="2024-06-03T14:44:53 IST" skipped="0">
  <testcase classname="ClassAssignment_08Dec.Disha" name="test" time="15.028"/>
  <system-out/>
</testsuite> <!-- ClassAssignment_08Dec.Disha -->
