<?xml version="1.0" encoding="UTF-8"?>
<!-- Generated by org.testng.reporters.JUnitReportReporter -->
<testsuite hostname="Trayambkay" failures="0" tests="1" name="sonuuuuuuuulREST.LearnParameters" time="6.573" errors="0" timestamp="2024-04-30T16:37:50 IST" skipped="0">
  <testcase classname="sonuuuuuuuulREST.LearnParameters" name="loginAndCapture" time="6.573"/>
  <system-out/>
</testsuite> <!-- sonuuuuuuuulREST.LearnParameters -->
