<?xml version="1.0" encoding="UTF-8"?>
<!-- Generated by org.testng.reporters.JUnitReportReporter -->
<testsuite hostname="Trayambkay" failures="0" tests="1" name="MyRandomPractices.Emphasis" time="0.007" errors="0" timestamp="2024-06-28T14:14:01 IST" skipped="0">
  <testcase classname="MyRandomPractices.Emphasis" name="q4" time="0.007"/>
  <system-out/>
</testsuite> <!-- MyRandomPractices.Emphasis -->
