<?xml version="1.0" encoding="UTF-8"?>
<!-- Generated by org.testng.reporters.JUnitReportReporter -->
<testsuite hostname="Trayambkay" failures="0" tests="2" name="selfPractise.GivenStringSubString" time="0.020" errors="0" timestamp="2024-04-07T11:45:53 IST" skipped="0">
  <testcase classname="selfPractise.GivenStringSubString" name="usingFor" time="0.012"/>
  <testcase classname="selfPractise.GivenStringSubString" name="usingWhile" time="0.008"/>
</testsuite> <!-- selfPractise.GivenStringSubString -->
