<?xml version="1.0" encoding="UTF-8"?>
<!-- Generated by org.testng.reporters.JUnitReportReporter -->
<testsuite hostname="Trayambkay" failures="0" tests="1" name="Sonull.MIcrosoftProgramm" time="14.807" errors="0" timestamp="2024-02-17T13:08:06 IST" skipped="0">
  <testcase classname="Sonull.MIcrosoftProgramm" name="main" time="14.807"/>
</testsuite> <!-- Sonull.MIcrosoftProgramm -->
