<?xml version="1.0" encoding="UTF-8"?>
<!-- Generated by org.testng.reporters.JUnitReportReporter -->
<testsuite hostname="Trayambkay" failures="0" tests="1" name="selfPractise.CheckPageLoadedTest" time="10.191" errors="0" timestamp="2024-04-12T13:00:59 IST" skipped="0">
  <testcase classname="selfPractise.CheckPageLoadedTest" name="checkPageLoad" time="10.191"/>
  <system-out/>
</testsuite> <!-- selfPractise.CheckPageLoadedTest -->
