<?xml version="1.0" encoding="UTF-8"?>
<!-- Generated by org.testng.reporters.JUnitReportReporter -->
<testsuite hostname="Trayambkay" failures="0" tests="1" name="MyRandomPractices.ReverseArrayElements" time="0.008" errors="0" timestamp="2024-06-11T17:22:54 IST" skipped="0">
  <testcase classname="MyRandomPractices.ReverseArrayElements" name="reverseArrayWay2" time="0.008"/>
  <system-out/>
</testsuite> <!-- MyRandomPractices.ReverseArrayElements -->
