<?xml version="1.0" encoding="UTF-8"?>
<!-- Generated by org.testng.reporters.JUnitReportReporter -->
<testsuite hostname="Trayambkay" failures="0" tests="1" name="LearnArrayPrograms.OcuurenceArrayPosition_Pending" time="0.013" errors="0" timestamp="2024-05-03T09:13:38 IST" skipped="0">
  <testcase classname="LearnArrayPrograms.OcuurenceArrayPosition_Pending" name="occurence" time="0.013"/>
  <system-out/>
</testsuite> <!-- LearnArrayPrograms.OcuurenceArrayPosition_Pending -->
