<?xml version="1.0" encoding="UTF-8"?>
<!-- Generated by org.testng.reporters.JUnitReportReporter -->
<testsuite hostname="Trayambkay" failures="0" tests="3" name="LearnStringProg.ReverseStringExtractNo_08Dec" time="0.018" errors="0" timestamp="2024-05-02T15:37:41 IST" skipped="0">
  <testcase classname="LearnStringProg.ReverseStringExtractNo_08Dec" name="reverseExp" time="0.002"/>
  <system-out/>
  <testcase classname="LearnStringProg.ReverseStringExtractNo_08Dec" name="reverse" time="0.009"/>
  <system-out/>
  <testcase classname="LearnStringProg.ReverseStringExtractNo_08Dec" name="reverseExp1" time="0.007"/>
  <system-out/>
</testsuite> <!-- LearnStringProg.ReverseStringExtractNo_08Dec -->
