<?xml version="1.0" encoding="UTF-8"?>
<!-- Generated by org.testng.reporters.JUnitReportReporter -->
<testsuite hostname="Trayambkay" failures="0" tests="1" name="selfPractise.Calender_CurrentDate" time="3.302" errors="0" timestamp="2024-03-04T00:26:47 IST" skipped="0">
  <testcase classname="selfPractise.Calender_CurrentDate" name="sysDateCapture" time="3.302"/>
</testsuite> <!-- selfPractise.Calender_CurrentDate -->
