<?xml version="1.0" encoding="UTF-8"?>
<!-- Generated by org.testng.reporters.JUnitReportReporter -->
<testsuite hostname="Trayambkay" failures="0" tests="1" name="o9Screening.Arpan_20220817_112759" time="0.019" errors="0" timestamp="2024-05-16T12:46:32 IST" skipped="0">
  <testcase classname="o9Screening.Arpan_20220817_112759" name="caseConversion1" time="0.019"/>
  <system-out/>
</testsuite> <!-- o9Screening.Arpan_20220817_112759 -->
