<?xml version="1.0" encoding="UTF-8"?>
<!-- Generated by org.testng.reporters.JUnitReportReporter -->
<testsuite hostname="Trayambkay" failures="0" tests="1" name="sonuuuuuuuulREST.Req_Resp_SpecBuilders" time="5.511" errors="0" timestamp="2024-05-13T13:46:37 IST" skipped="0">
  <testcase classname="sonuuuuuuuulREST.Req_Resp_SpecBuilders" name="login" time="5.511"/>
  <system-out/>
</testsuite> <!-- sonuuuuuuuulREST.Req_Resp_SpecBuilders -->
