<?xml version="1.0" encoding="UTF-8"?>
<!-- Generated by org.testng.reporters.JUnitReportReporter -->
<testsuite hostname="Trayambkay" failures="0" tests="1" name="selfPractise.MSteamLogin" time="11.533" errors="0" timestamp="2024-04-10T16:07:55 IST" skipped="0">
  <testcase classname="selfPractise.MSteamLogin" name="login" time="11.533"/>
  <system-out/>
</testsuite> <!-- selfPractise.MSteamLogin -->
