<?xml version="1.0" encoding="UTF-8"?>
<!-- Generated by org.testng.reporters.JUnitReportReporter -->
<testsuite hostname="Trayambkay" failures="0" tests="1" name="selfPractise.MicrosoftTeamWay2" time="19.834" errors="0" timestamp="2024-04-10T13:51:05 IST" skipped="0">
  <testcase classname="selfPractise.MicrosoftTeamWay2" name="user1" time="19.834"/>
  <system-out/>
</testsuite> <!-- selfPractise.MicrosoftTeamWay2 -->
