<?xml version="1.0" encoding="UTF-8"?>
<!-- Generated by org.testng.reporters.JUnitReportReporter -->
<testsuite hostname="Trayambkay" failures="0" tests="1" name="selfPractise_API.Gorest_ReqChaining" time="2.293" errors="0" timestamp="2024-04-05T15:56:19 IST" skipped="0">
  <testcase classname="selfPractise_API.Gorest_ReqChaining" name="createPost" time="2.293"/>
</testsuite> <!-- selfPractise_API.Gorest_ReqChaining -->
