<?xml version="1.0" encoding="UTF-8"?>
<!-- Generated by org.testng.reporters.JUnitReportReporter -->
<testsuite hostname="Trayambkay" failures="0" tests="3" name="sonuuuuuuuulREST.Shopperstack" time="7.976" errors="0" timestamp="2024-04-26T17:52:40 IST" skipped="1">
  <testcase classname="sonuuuuuuuulREST.Shopperstack" name="getAllProducts" time="2.961"/>
  <system-out/>
  <testcase classname="sonuuuuuuuulREST.Shopperstack" name="chainingAndGet" time="5.015"/>
  <system-out/>
  <testcase classname="sonuuuuuuuulREST.Shopperstack" name="login">
    <skipped/>
  </testcase> <!-- login -->
  <system-out/>
</testsuite> <!-- sonuuuuuuuulREST.Shopperstack -->
