<?xml version="1.0" encoding="UTF-8"?>
<!-- Generated by org.testng.reporters.JUnitReportReporter -->
<testsuite hostname="Trayambkay" failures="0" tests="3" name="InterView_Asked.SureMindsSolutions" time="0.024" errors="0" timestamp="2024-05-15T17:01:57 IST" skipped="0">
  <testcase classname="InterView_Asked.SureMindsSolutions" name="maxLengthWord" time="0.007"/>
  <system-out/>
  <testcase classname="InterView_Asked.SureMindsSolutions" name="countEachWord" time="0.015"/>
  <system-out/>
  <testcase classname="InterView_Asked.SureMindsSolutions" name="stateCity" time="0.002"/>
  <system-out/>
</testsuite> <!-- InterView_Asked.SureMindsSolutions -->
