<?xml version="1.0" encoding="UTF-8"?>
<!-- Generated by org.testng.reporters.JUnitReportReporter -->
<testsuite hostname="Trayambkay" failures="0" tests="1" name="selfPractise.Cricbuzz" time="9.995" errors="0" timestamp="2024-02-14T18:40:11 IST" skipped="0">
  <testcase classname="selfPractise.Cricbuzz" name="main" time="9.995"/>
</testsuite> <!-- selfPractise.Cricbuzz -->
