<?xml version="1.0" encoding="UTF-8"?>
<!-- Generated by org.testng.reporters.JUnitReportReporter -->
<testsuite hostname="Trayambkay" failures="0" tests="1" name="LearnArrayPrograms.OcuurencePosition" time="0.016" errors="0" timestamp="2024-02-21T11:02:45 IST" skipped="0">
  <testcase classname="LearnArrayPrograms.OcuurencePosition" name="main" time="0.016"/>
</testsuite> <!-- LearnArrayPrograms.OcuurencePosition -->
