<?xml version="1.0" encoding="UTF-8"?>
<!-- Generated by org.testng.reporters.JUnitReportReporter -->
<testsuite hostname="Trayambkay" failures="0" tests="1" name="MyRandomPractices.duplicatePractise.Parent" time="0.011" errors="0" timestamp="2024-06-13T18:47:05 IST" skipped="0">
  <testcase classname="MyRandomPractices.duplicatePractise.Parent" name="method1" time="0.011"/>
  <system-out/>
</testsuite> <!-- MyRandomPractices.duplicatePractise.Parent -->
