<?xml version="1.0" encoding="UTF-8"?>
<!-- Generated by org.testng.reporters.JUnitReportReporter -->
<testsuite hostname="Trayambkay" failures="0" tests="1" name="MyRandomPractices.LargestSubstringWithoutVowel" time="0.009" errors="0" timestamp="2024-06-05T13:32:42 IST" skipped="0">
  <testcase classname="MyRandomPractices.LargestSubstringWithoutVowel" name="method" time="0.009"/>
  <system-out/>
</testsuite> <!-- MyRandomPractices.LargestSubstringWithoutVowel -->
