<?xml version="1.0" encoding="UTF-8"?>
<!-- Generated by org.testng.reporters.JUnitReportReporter -->
<testsuite hostname="Trayambkay" failures="0" tests="1" name="LearnArrayPrograms.FirstAndSecondMaxSingleLoop" time="0.010" errors="0" timestamp="2024-05-02T15:11:58 IST" skipped="0">
  <testcase classname="LearnArrayPrograms.FirstAndSecondMaxSingleLoop" name="firstSecondMax" time="0.010"/>
  <system-out/>
</testsuite> <!-- LearnArrayPrograms.FirstAndSecondMaxSingleLoop -->
