<?xml version="1.0" encoding="UTF-8"?>
<!-- Generated by org.testng.reporters.JUnitReportReporter -->
<testsuite hostname="Trayambkay" failures="0" tests="1" name="Sonull.DDTExcel_Incomplete" time="10.167" errors="0" timestamp="2024-02-22T00:36:45 IST" skipped="0">
  <testcase classname="Sonull.DDTExcel_Incomplete" name="main" time="10.167"/>
</testsuite> <!-- Sonull.DDTExcel_Incomplete -->
