<?xml version="1.0" encoding="UTF-8"?>
<!-- Generated by org.testng.reporters.JUnitReportReporter -->
<testsuite hostname="Trayambkay" failures="0" tests="1" name="LearnArrayPrograms.OcuurenceArrayPosition_Pending" time="0.010" errors="0" timestamp="2024-02-22T00:07:54 IST" skipped="0">
  <testcase classname="LearnArrayPrograms.OcuurenceArrayPosition_Pending" name="occurence" time="0.010"/>
</testsuite> <!-- LearnArrayPrograms.OcuurenceArrayPosition_Pending -->
