<?xml version="1.0" encoding="UTF-8"?>
<!-- Generated by org.testng.reporters.JUnitReportReporter -->
<testsuite hostname="Trayambkay" failures="0" tests="1" name="Sonull.DynamicWebTable" time="8.184" errors="0" timestamp="2024-02-14T18:43:41 IST" skipped="0">
  <testcase classname="Sonull.DynamicWebTable" name="main" time="8.184"/>
</testsuite> <!-- Sonull.DynamicWebTable -->
