<?xml version="1.0" encoding="UTF-8"?>
<!-- Generated by org.testng.reporters.JUnitReportReporter -->
<testsuite hostname="Trayambkay" failures="0" tests="1" name="MyRandomPractices.RemoveByOccurence" time="0.012" errors="0" timestamp="2024-05-30T15:44:10 IST" skipped="0">
  <testcase classname="MyRandomPractices.RemoveByOccurence" name="chatGp" time="0.012"/>
  <system-out/>
</testsuite> <!-- MyRandomPractices.RemoveByOccurence -->
