<?xml version="1.0" encoding="UTF-8"?>
<!-- Generated by org.testng.reporters.JUnitReportReporter -->
<testsuite hostname="Trayambkay" failures="0" tests="1" name="myrandomPractises.LargestSubstringWithoutVowel" time="0.013" errors="0" timestamp="2024-05-28T15:34:42 IST" skipped="0">
  <testcase classname="myrandomPractises.LargestSubstringWithoutVowel" name="method" time="0.013"/>
  <system-out/>
</testsuite> <!-- myrandomPractises.LargestSubstringWithoutVowel -->
