<?xml version="1.0" encoding="UTF-8"?>
<!-- Generated by org.testng.reporters.JUnitReportReporter -->
<testsuite hostname="Trayambkay" failures="0" tests="3" name="MyRandomPractices.LongestPallindrome" time="0.042" errors="0" timestamp="2024-06-11T13:20:48 IST" skipped="0">
  <testcase classname="MyRandomPractices.LongestPallindrome" name="longestPallindromeUniversal0" time="0.019"/>
  <system-out/>
  <testcase classname="MyRandomPractices.LongestPallindrome" name="longestPallindromeUniversal2" time="0.003"/>
  <system-out/>
  <testcase classname="MyRandomPractices.LongestPallindrome" name="longestPallindromeUniversal1" time="0.020"/>
  <system-out/>
</testsuite> <!-- MyRandomPractices.LongestPallindrome -->
