<?xml version="1.0" encoding="UTF-8"?>
<!-- Generated by org.testng.reporters.JUnitReportReporter -->
<testsuite hostname="Trayambkay" failures="0" tests="1" name="InterView_Asked.SureMindsSolutions" time="0.014" errors="0" timestamp="2024-05-15T18:36:18 IST" skipped="0">
  <testcase classname="InterView_Asked.SureMindsSolutions" name="maxLengthWordRepeated" time="0.014"/>
  <system-out/>
</testsuite> <!-- InterView_Asked.SureMindsSolutions -->
