<?xml version="1.0" encoding="UTF-8"?>
<!-- Generated by org.testng.reporters.JUnitReportReporter -->
<testsuite hostname="Trayambkay" failures="0" tests="1" name="PrakashSirSpecific.ReverseStringExtractNo_08Dec" time="0.011" errors="0" timestamp="2024-04-02T16:53:56 IST" skipped="0">
  <testcase classname="PrakashSirSpecific.ReverseStringExtractNo_08Dec" name="reverseExp1" time="0.011"/>
</testsuite> <!-- PrakashSirSpecific.ReverseStringExtractNo_08Dec -->
