<?xml version="1.0" encoding="UTF-8"?>
<!-- Generated by org.testng.reporters.JUnitReportReporter -->
<testsuite hostname="Trayambkay" failures="0" tests="4" name="sonuuuuuuuulREST.ShopperstackLoginAndGet" time="11.818" errors="0" timestamp="2024-04-30T12:58:26 IST" skipped="2">
  <testcase classname="sonuuuuuuuulREST.ShopperstackLoginAndGet" name="chainingAndGet" time="8.902"/>
  <system-out/>
  <testcase classname="sonuuuuuuuulREST.ShopperstackLoginAndGet" name="getAllProducts" time="2.916"/>
  <system-out/>
  <testcase classname="sonuuuuuuuulREST.ShopperstackLoginAndGet" name="login">
    <skipped/>
  </testcase> <!-- login -->
  <system-out/>
  <testcase classname="sonuuuuuuuulREST.ShopperstackLoginAndGet" name="login">
    <skipped/>
  </testcase> <!-- login -->
  <system-out/>
</testsuite> <!-- sonuuuuuuuulREST.ShopperstackLoginAndGet -->
