<?xml version="1.0" encoding="UTF-8"?>
<!-- Generated by org.testng.reporters.JUnitReportReporter -->
<testsuite hostname="Trayambkay" failures="0" tests="1" name="MyRandomPractices.duplicatePractise.Child" time="0.013" errors="0" timestamp="2024-06-13T18:04:12 IST" skipped="0">
  <testcase classname="MyRandomPractices.duplicatePractise.Child" name="main" time="0.013"/>
  <system-out/>
</testsuite> <!-- MyRandomPractices.duplicatePractise.Child -->
