<?xml version="1.0" encoding="UTF-8"?>
<!-- Generated by org.testng.reporters.JUnitReportReporter -->
<testsuite hostname="Trayambkay" failures="0" tests="1" name="selfPractise.ChildExp" time="0.014" errors="0" timestamp="2024-03-20T12:20:31 IST" skipped="0">
  <testcase classname="selfPractise.ChildExp" name="abc" time="0.014"/>
</testsuite> <!-- selfPractise.ChildExp -->
