<?xml version="1.0" encoding="UTF-8"?>
<!-- Generated by org.testng.reporters.JUnitReportReporter -->
<testsuite hostname="Trayambkay" failures="0" tests="1" name="practiseAllSDET52.PrintOnlyAlphabets" time="0.013" errors="0" timestamp="2024-05-06T10:24:37 IST" skipped="0">
  <testcase classname="practiseAllSDET52.PrintOnlyAlphabets" name="m1" time="0.013"/>
  <system-out/>
</testsuite> <!-- practiseAllSDET52.PrintOnlyAlphabets -->
