<?xml version="1.0" encoding="UTF-8"?>
<!-- Generated by org.testng.reporters.JUnitReportReporter -->
<testsuite hostname="Trayambkay" failures="0" tests="2" name="sonuuuuuuuulREST.DifferentWaysToPstRequest" time="5.336" errors="0" timestamp="2024-04-26T18:30:20 IST" skipped="1">
  <testcase classname="sonuuuuuuuulREST.DifferentWaysToPstRequest" name="loginUsingFile" time="5.336"/>
  <system-out/>
  <testcase classname="sonuuuuuuuulREST.DifferentWaysToPstRequest" name="loginUsingJsonObject">
    <skipped/>
  </testcase> <!-- loginUsingJsonObject -->
  <system-out/>
</testsuite> <!-- sonuuuuuuuulREST.DifferentWaysToPstRequest -->
